[20:18:29] [main/INFO] (FabricLoader/GameProvider) Loading Minecraft 1.19.2 with Fabric Loader 0.14.8
[20:18:29] [main/DEBUG] (FabricLoader/GamePatch) Found game constructor: net.minecraft.client.main.Main -> net.minecraft.client.MinecraftClient
[20:18:29] [main/DEBUG] (FabricLoader/GamePatch) Patching game constructor <init>(Lnet/minecraft/client/RunArgs;)V
[20:18:29] [main/DEBUG] (FabricLoader/GamePatch) Run directory field is thought to be net/minecraft/client/MinecraftClient/runDirectory
[20:18:29] [main/DEBUG] (FabricLoader/GamePatch) Applying brand name hook to net/minecraft/client/ClientBrandRetriever::getClientModName
[20:18:29] [main/DEBUG] (FabricLoader/GamePatch) Applying brand name hook to net/minecraft/server/MinecraftServer::getServerModName
[20:18:29] [main/DEBUG] (FabricLoader/GamePatch) Patched 3 classs
[20:18:29] [ForkJoinPool-1-worker-1/WARN] (FabricLoader/Metadata) Mod multi-version-lib-test uses the version ${version} which isn't compatible with Loader's extended semantic version format (Could not parse version number component '${version}'!), SemVer is recommended for reliably evaluating dependencies and prioritizing newer version
[20:18:29] [main/DEBUG] (FabricLoader/Discovery) Mod discovery time: 36.5 ms
[20:18:29] [main/DEBUG] (FabricLoader/Resolution) Mod resolution time: 33.4 ms
[20:18:29] [main/INFO] (FabricLoader) Loading 12 mods:
	- fabric-api-base 0.4.9+e62f51a390
	- fabric-key-binding-api-v1 1.0.18+9ff28f4090
	- fabric-lifecycle-events-v1 2.1.0+33fbc73890
	- fabric-resource-loader-v0 0.5.6+5f1a85e090
	- fabric-screen-api-v1 1.0.24+f05effaf90
	- fabricloader 0.14.11
	- java 17
	- minecraft 1.19.2
	- modmenu 4.1.1
	- multi-version-lib-api 1.0.0
	- multi-version-lib-impl-11902 1.0.0
	- multi-version-lib-test ${version}
[20:18:29] [main/DEBUG] (FabricLoader/Knot) Adding D:\Xander\Code\isXander\multi-version-lib\.gradle\loom-cache\remapped_mods\net_fabricmc_yarn_1_19_2_1_19_2_build_28_v2\net\fabricmc\fabric-api\fabric-key-binding-api-v1\1.0.18+9ff28f4090\fabric-key-binding-api-v1-1.0.18+9ff28f4090.jar to classpath.
[20:18:29] [main/DEBUG] (FabricLoader/Knot) Adding D:\Xander\Code\isXander\multi-version-lib\.gradle\loom-cache\remapped_mods\net_fabricmc_yarn_1_19_2_1_19_2_build_28_v2\net\fabricmc\fabric-api\fabric-screen-api-v1\1.0.24+f05effaf90\fabric-screen-api-v1-1.0.24+f05effaf90.jar to classpath.
[20:18:29] [main/DEBUG] (FabricLoader/Knot) Adding D:\Xander\Code\isXander\multi-version-lib\impl11902\build\resources\testmod to classpath.
[20:18:29] [main/DEBUG] (FabricLoader/Knot) Adding D:\Xander\Code\isXander\multi-version-lib\.gradle\loom-cache\remapped_mods\net_fabricmc_yarn_1_19_2_1_19_2_build_28_v2\net\fabricmc\fabric-api\fabric-resource-loader-v0\0.5.6+5f1a85e090\fabric-resource-loader-v0-0.5.6+5f1a85e090.jar to classpath.
[20:18:29] [main/DEBUG] (FabricLoader/Knot) Adding D:\Xander\Code\isXander\multi-version-lib\.gradle\loom-cache\remapped_mods\net_fabricmc_yarn_1_19_2_1_19_2_build_28_v2\com\terraformersmc\modmenu\4.1.1\modmenu-4.1.1.jar to classpath.
[20:18:29] [main/DEBUG] (FabricLoader/Knot) Adding D:\Xander\Code\isXander\multi-version-lib\.gradle\loom-cache\remapped_mods\net_fabricmc_yarn_1_19_2_1_19_2_build_28_v2\net\fabricmc\fabric-api\fabric-api-base\0.4.9+e62f51a390\fabric-api-base-0.4.9+e62f51a390.jar to classpath.
[20:18:29] [main/DEBUG] (FabricLoader/Knot) Adding D:\Xander\Code\isXander\multi-version-lib\.gradle\loom-cache\remapped_mods\net_fabricmc_yarn_1_19_2_1_19_2_build_28_v2\net\fabricmc\fabric-api\fabric-lifecycle-events-v1\2.1.0+33fbc73890\fabric-lifecycle-events-v1-2.1.0+33fbc73890.jar to classpath.
[20:18:29] [main/DEBUG] (FabricLoader/Knot) Adding D:\Xander\Code\isXander\multi-version-lib\impl11902\build\resources\main to classpath.
[20:18:29] [main/DEBUG] (FabricLoader/Knot) Adding D:\Xander\Code\isXander\multi-version-lib\api\build\resources\main to classpath.
[20:18:29] [main/DEBUG] (FabricLoader/Entrypoint) Registering new-style initializer dev.isxander.multiversionlib.test.MultiVersionLibTest for mod multi-version-lib-test (key client)
[20:18:29] [main/DEBUG] (FabricLoader/Entrypoint) Registering new-style initializer com.terraformersmc.modmenu.ModMenuModMenuCompat for mod modmenu (key modmenu)
[20:18:29] [main/DEBUG] (FabricLoader/Entrypoint) Registering new-style initializer com.terraformersmc.modmenu.ModMenu for mod modmenu (key client)
[20:18:29] [main/DEBUG] (FabricLoader/Entrypoint) Registering new-style initializer net.fabricmc.fabric.impl.event.lifecycle.ClientLifecycleEventsImpl for mod fabric-lifecycle-events-v1 (key client)
[20:18:29] [main/DEBUG] (FabricLoader/Entrypoint) Registering new-style initializer net.fabricmc.fabric.impl.event.lifecycle.LifecycleEventsImpl for mod fabric-lifecycle-events-v1 (key main)
[20:18:29] [main/DEBUG] (FabricLoader/Mappings) Loading mappings took 129 ms
[20:18:29] [main/INFO] (FabricLoader/Mixin) SpongePowered MIXIN Subsystem Version=0.8.5 Source=file:/C:/Users/xande/.gradle/caches/modules-2/files-2.1/net.fabricmc/sponge-mixin/0.11.4+mixin.0.8.5/c1dc27696aa4006e492c2485c9ccbcb26045a971/sponge-mixin-0.11.4+mixin.0.8.5.jar Service=Knot/Fabric Env=CLIENT
[20:18:29] [main/DEBUG] (FabricLoader/Mixin) Error cleaning class output directory: .mixin.out
[20:18:29] [main/DEBUG] (FabricLoader/Mixin) Initialising Mixin Platform Manager
[20:18:29] [main/DEBUG] (FabricLoader/Mixin) Adding mixin platform agents for container ContainerHandleURI(file:///D:/Xander/Code/isXander/multi-version-lib/.gradle/loom-cache/remapped_mods/net_fabricmc_yarn_1_19_2_1_19_2_build_28_v2/net/fabricmc/fabric-loader/0.14.8/fabric-loader-0.14.8.jar)
[20:18:29] [main/DEBUG] (FabricLoader/Mixin) Instancing new MixinPlatformAgentDefault for ContainerHandleURI(file:///D:/Xander/Code/isXander/multi-version-lib/.gradle/loom-cache/remapped_mods/net_fabricmc_yarn_1_19_2_1_19_2_build_28_v2/net/fabricmc/fabric-loader/0.14.8/fabric-loader-0.14.8.jar)
[20:18:29] [main/DEBUG] (FabricLoader/Mixin) MixinPlatformAgentDefault accepted container ContainerHandleURI(file:///D:/Xander/Code/isXander/multi-version-lib/.gradle/loom-cache/remapped_mods/net_fabricmc_yarn_1_19_2_1_19_2_build_28_v2/net/fabricmc/fabric-loader/0.14.8/fabric-loader-0.14.8.jar)
[20:18:29] [main/DEBUG] (FabricLoader/Mixin) Instancing new MixinPlatformAgentDefault for ContainerHandleURI(file:///D:/Xander/Code/isXander/multi-version-lib/.gradle/loom-cache/remapped_mods/net_fabricmc_yarn_1_19_2_1_19_2_build_28_v2/net/fabricmc/fabric-loader/0.14.8/fabric-loader-0.14.8.jar)
[20:18:29] [main/DEBUG] (FabricLoader/Mixin) MixinPlatformAgentDefault accepted container ContainerHandleURI(file:///D:/Xander/Code/isXander/multi-version-lib/.gradle/loom-cache/remapped_mods/net_fabricmc_yarn_1_19_2_1_19_2_build_28_v2/net/fabricmc/fabric-loader/0.14.8/fabric-loader-0.14.8.jar)
[20:18:29] [main/DEBUG] (FabricLoader/Mixin) Processing prepare() for PlatformAgent[MixinPlatformAgentDefault:ContainerHandleURI(file:///D:/Xander/Code/isXander/multi-version-lib/.gradle/loom-cache/remapped_mods/net_fabricmc_yarn_1_19_2_1_19_2_build_28_v2/net/fabricmc/fabric-loader/0.14.8/fabric-loader-0.14.8.jar)]
[20:18:29] [main/DEBUG] (FabricLoader/Mixin) Processing prepare() for PlatformAgent[MixinPlatformAgentDefault:ContainerHandleURI(file:///D:/Xander/Code/isXander/multi-version-lib/.gradle/loom-cache/remapped_mods/net_fabricmc_yarn_1_19_2_1_19_2_build_28_v2/net/fabricmc/fabric-loader/0.14.8/fabric-loader-0.14.8.jar)]
[20:18:29] [main/INFO] (FabricLoader/Mixin) Loaded Fabric development mappings for mixin remapper!
[20:18:29] [main/DEBUG] (FabricLoader/Mixin) Compatibility level JAVA_16 specified by fabric-key-binding-api-v1.mixins.json is higher than the maximum level supported by this version of mixin (JAVA_13).
[20:18:29] [main/INFO] (FabricLoader/Mixin) Compatibility level set to JAVA_16
[20:18:29] [main/DEBUG] (FabricLoader/Mixin) Mixin config fabric-key-binding-api-v1.mixins.json does not specify "minVersion" property
[20:18:29] [main/DEBUG] (FabricLoader/Mixin) Mixin config fabric-screen-api-v1.mixins.json does not specify "minVersion" property
[20:18:29] [main/DEBUG] (FabricLoader/Mixin) Mixin config fabric-resource-loader-v0.mixins.json does not specify "minVersion" property
[20:18:29] [main/DEBUG] (FabricLoader/Mixin) Mixin config fabric-resource-loader-v0.client.mixins.json does not specify "minVersion" property
[20:18:29] [main/DEBUG] (FabricLoader/Mixin) Mixin config fabric-lifecycle-events-v1.mixins.json does not specify "minVersion" property
[20:18:29] [main/DEBUG] (FabricLoader/Mixin) Mixin config fabric-lifecycle-events-v1.client.mixins.json does not specify "minVersion" property
[20:18:29] [main/DEBUG] (FabricLoader/Knot) Adding C:\Users\xande\.gradle\caches\fabric-loom\1.19.2\net.fabricmc.yarn.1_19_2.1.19.2+build.28-v2\minecraft-merged-named.jar to classpath.
[20:18:29] [main/DEBUG] (FabricLoader/Knot) Adding D:\Xander\Code\isXander\multi-version-lib\impl11902\build\classes\java\testmod to classpath.
[20:18:29] [main/DEBUG] (FabricLoader/Knot) Adding D:\Xander\Code\isXander\multi-version-lib\impl11902\build\resources\testmod to classpath.
[20:18:29] [main/DEBUG] (FabricLoader/Knot) Adding D:\Xander\Code\isXander\multi-version-lib\impl11902\build\classes\java\main to classpath.
[20:18:29] [main/DEBUG] (FabricLoader/Knot) Adding D:\Xander\Code\isXander\multi-version-lib\impl11902\build\resources\main to classpath.
[20:18:29] [main/DEBUG] (FabricLoader/Knot) Adding D:\Xander\Code\isXander\multi-version-lib\.gradle\loom-cache\remapped_mods\net_fabricmc_yarn_1_19_2_1_19_2_build_28_v2\com\terraformersmc\modmenu\4.1.1\modmenu-4.1.1.jar to classpath.
[20:18:29] [main/DEBUG] (FabricLoader/Knot) Adding D:\Xander\Code\isXander\multi-version-lib\.gradle\loom-cache\remapped_mods\net_fabricmc_yarn_1_19_2_1_19_2_build_28_v2\net\fabricmc\fabric-api\fabric-screen-api-v1\1.0.24+f05effaf90\fabric-screen-api-v1-1.0.24+f05effaf90.jar to classpath.
[20:18:29] [main/DEBUG] (FabricLoader/Knot) Adding D:\Xander\Code\isXander\multi-version-lib\.gradle\loom-cache\remapped_mods\net_fabricmc_yarn_1_19_2_1_19_2_build_28_v2\net\fabricmc\fabric-api\fabric-lifecycle-events-v1\2.1.0+33fbc73890\fabric-lifecycle-events-v1-2.1.0+33fbc73890.jar to classpath.
[20:18:29] [main/DEBUG] (FabricLoader/Knot) Adding D:\Xander\Code\isXander\multi-version-lib\.gradle\loom-cache\remapped_mods\net_fabricmc_yarn_1_19_2_1_19_2_build_28_v2\net\fabricmc\fabric-api\fabric-api-base\0.4.9+e62f51a390\fabric-api-base-0.4.9+e62f51a390.jar to classpath.
[20:18:29] [main/DEBUG] (FabricLoader/Knot) Adding D:\Xander\Code\isXander\multi-version-lib\.gradle\loom-cache\remapped_mods\net_fabricmc_yarn_1_19_2_1_19_2_build_28_v2\net\fabricmc\fabric-api\fabric-resource-loader-v0\0.5.6+5f1a85e090\fabric-resource-loader-v0-0.5.6+5f1a85e090.jar to classpath.
[20:18:29] [main/DEBUG] (FabricLoader/Knot) Adding D:\Xander\Code\isXander\multi-version-lib\.gradle\loom-cache\remapped_mods\net_fabricmc_yarn_1_19_2_1_19_2_build_28_v2\net\fabricmc\fabric-api\fabric-key-binding-api-v1\1.0.18+9ff28f4090\fabric-key-binding-api-v1-1.0.18+9ff28f4090.jar to classpath.
[20:18:29] [main/DEBUG] (FabricLoader/Knot) Adding D:\Xander\Code\isXander\multi-version-lib\api\build\classes\java\main to classpath.
[20:18:29] [main/DEBUG] (FabricLoader/Knot) Adding D:\Xander\Code\isXander\multi-version-lib\api\build\resources\main to classpath.
[20:18:29] [main/DEBUG] (FabricLoader/Knot) Adding C:\Users\xande\.gradle\caches\modules-2\files-2.1\com.mojang\blocklist\1.0.10\5c685c5ffa94c4cd39496c7184c1d122e515ecef\blocklist-1.0.10.jar to classpath.
[20:18:29] [main/DEBUG] (FabricLoader/Knot) Adding C:\Users\xande\.gradle\caches\modules-2\files-2.1\com.mojang\patchy\2.2.10\da05971b07cbb379d002cf7eaec6a2048211fefc\patchy-2.2.10.jar to classpath.
[20:18:29] [main/DEBUG] (FabricLoader/Knot) Adding C:\Users\xande\.gradle\caches\modules-2\files-2.1\com.github.oshi\oshi-core\5.8.5\1d0ec654d820741327f5a9229d513732a4b7ce50\oshi-core-5.8.5.jar to classpath.
[20:18:29] [main/DEBUG] (FabricLoader/Knot) Adding C:\Users\xande\.gradle\caches\modules-2\files-2.1\net.java.dev.jna\jna\5.10.0\7cf4c87dd802db50721db66947aa237d7ad09418\jna-5.10.0.jar to classpath.
[20:18:29] [main/DEBUG] (FabricLoader/Knot) Adding C:\Users\xande\.gradle\caches\modules-2\files-2.1\net.java.dev.jna\jna-platform\5.10.0\fbed7d9669dba47714ad0d4f4454290a997aee69\jna-platform-5.10.0.jar to classpath.
[20:18:29] [main/DEBUG] (FabricLoader/Knot) Adding C:\Users\xande\.gradle\caches\modules-2\files-2.1\com.ibm.icu\icu4j\70.1\dfa3a1fbc55bf5db8c6e79fc0935ac7ab1202950\icu4j-70.1.jar to classpath.
[20:18:29] [main/DEBUG] (FabricLoader/Knot) Adding C:\Users\xande\.gradle\caches\modules-2\files-2.1\com.mojang\javabridge\1.2.24\c876796229b2ef5120f186eab5acc870699d3b9\javabridge-1.2.24.jar to classpath.
[20:18:29] [main/DEBUG] (FabricLoader/Knot) Adding C:\Users\xande\.gradle\caches\modules-2\files-2.1\net.sf.jopt-simple\jopt-simple\5.0.4\4fdac2fbe92dfad86aa6e9301736f6b4342a3f5c\jopt-simple-5.0.4.jar to classpath.
[20:18:29] [main/DEBUG] (FabricLoader/Knot) Adding C:\Users\xande\.gradle\caches\modules-2\files-2.1\io.netty\netty-common\4.1.77.Final\ea0fc20f4e6178966b9d62017b7fcb83dfe0e713\netty-common-4.1.77.Final.jar to classpath.
[20:18:29] [main/DEBUG] (FabricLoader/Knot) Adding C:\Users\xande\.gradle\caches\modules-2\files-2.1\io.netty\netty-buffer\4.1.77.Final\d97571f99e5e739d86824d0df99f35d295276b5f\netty-buffer-4.1.77.Final.jar to classpath.
[20:18:29] [main/DEBUG] (FabricLoader/Knot) Adding C:\Users\xande\.gradle\caches\modules-2\files-2.1\io.netty\netty-codec\4.1.77.Final\4efc5f59335301d6ba0d7cd31dd10651119b03c8\netty-codec-4.1.77.Final.jar to classpath.
[20:18:29] [main/DEBUG] (FabricLoader/Knot) Adding C:\Users\xande\.gradle\caches\modules-2\files-2.1\io.netty\netty-handler\4.1.77.Final\47a81089de03635a27f509f3e4e13386ae1db275\netty-handler-4.1.77.Final.jar to classpath.
[20:18:29] [main/DEBUG] (FabricLoader/Knot) Adding C:\Users\xande\.gradle\caches\modules-2\files-2.1\io.netty\netty-resolver\4.1.77.Final\4a239dbf8d8bb5f98aa51462c35011c0516395fd\netty-resolver-4.1.77.Final.jar to classpath.
[20:18:29] [main/DEBUG] (FabricLoader/Knot) Adding C:\Users\xande\.gradle\caches\modules-2\files-2.1\io.netty\netty-transport\4.1.77.Final\2a3373bbd20d520c821f210bd5ee886788512043\netty-transport-4.1.77.Final.jar to classpath.
[20:18:29] [main/DEBUG] (FabricLoader/Knot) Adding C:\Users\xande\.gradle\caches\modules-2\files-2.1\io.netty\netty-transport-native-unix-common\4.1.77.Final\c95d53486414b3270d08057957c5da8e0c37e4eb\netty-transport-native-unix-common-4.1.77.Final.jar to classpath.
[20:18:29] [main/DEBUG] (FabricLoader/Knot) Adding C:\Users\xande\.gradle\caches\modules-2\files-2.1\io.netty\netty-transport-classes-epoll\4.1.77.Final\dd70dbccbcf98382223a59044f3c08d8e9920cad\netty-transport-classes-epoll-4.1.77.Final.jar to classpath.
[20:18:29] [main/DEBUG] (FabricLoader/Knot) Adding C:\Users\xande\.gradle\caches\modules-2\files-2.1\com.google.guava\failureaccess\1.0.1\1dcf1de382a0bf95a3d8b0849546c88bac1292c9\failureaccess-1.0.1.jar to classpath.
[20:18:29] [main/DEBUG] (FabricLoader/Knot) Adding C:\Users\xande\.gradle\caches\modules-2\files-2.1\com.google.guava\guava\31.0.1-jre\119ea2b2bc205b138974d351777b20f02b92704b\guava-31.0.1-jre.jar to classpath.
[20:18:29] [main/DEBUG] (FabricLoader/Knot) Adding C:\Users\xande\.gradle\caches\modules-2\files-2.1\org.apache.commons\commons-lang3\3.12.0\c6842c86792ff03b9f1d1fe2aab8dc23aa6c6f0e\commons-lang3-3.12.0.jar to classpath.
[20:18:29] [main/DEBUG] (FabricLoader/Knot) Adding C:\Users\xande\.gradle\caches\modules-2\files-2.1\commons-io\commons-io\2.11.0\a2503f302b11ebde7ebc3df41daebe0e4eea3689\commons-io-2.11.0.jar to classpath.
[20:18:29] [main/DEBUG] (FabricLoader/Knot) Adding C:\Users\xande\.gradle\caches\modules-2\files-2.1\commons-codec\commons-codec\1.15\49d94806b6e3dc933dacbd8acb0fdbab8ebd1e5d\commons-codec-1.15.jar to classpath.
[20:18:29] [main/DEBUG] (FabricLoader/Knot) Adding C:\Users\xande\.gradle\caches\modules-2\files-2.1\com.mojang\brigadier\1.0.18\c1ef1234282716483c92183f49bef47b1a89bfa9\brigadier-1.0.18.jar to classpath.
[20:18:29] [main/DEBUG] (FabricLoader/Knot) Adding C:\Users\xande\.gradle\caches\modules-2\files-2.1\com.mojang\datafixerupper\5.0.28\e2157e236e529aff80a5fc3ccb506e56d46b130b\datafixerupper-5.0.28.jar to classpath.
[20:18:29] [main/DEBUG] (FabricLoader/Knot) Adding C:\Users\xande\.gradle\caches\modules-2\files-2.1\org.apache.commons\commons-compress\1.21\4ec95b60d4e86b5c95a0e919cb172a0af98011ef\commons-compress-1.21.jar to classpath.
[20:18:29] [main/DEBUG] (FabricLoader/Knot) Adding C:\Users\xande\.gradle\caches\modules-2\files-2.1\org.apache.httpcomponents\httpclient\4.5.13\e5f6cae5ca7ecaac1ec2827a9e2d65ae2869cada\httpclient-4.5.13.jar to classpath.
[20:18:29] [main/DEBUG] (FabricLoader/Knot) Adding C:\Users\xande\.gradle\caches\modules-2\files-2.1\commons-logging\commons-logging\1.2\4bfc12adfe4842bf07b657f0369c4cb522955686\commons-logging-1.2.jar to classpath.
[20:18:29] [main/DEBUG] (FabricLoader/Knot) Adding C:\Users\xande\.gradle\caches\modules-2\files-2.1\org.apache.httpcomponents\httpcore\4.4.14\9dd1a631c082d92ecd4bd8fd4cf55026c720a8c1\httpcore-4.4.14.jar to classpath.
[20:18:29] [main/DEBUG] (FabricLoader/Knot) Adding C:\Users\xande\.gradle\caches\modules-2\files-2.1\it.unimi.dsi\fastutil\8.5.6\76f95700418a68fbc4ac050525261f05dc681ca1\fastutil-8.5.6.jar to classpath.
[20:18:29] [main/DEBUG] (FabricLoader/Knot) Adding C:\Users\xande\.gradle\caches\modules-2\files-2.1\org.lwjgl\lwjgl\3.3.1\ae58664f88e18a9bb2c77b063833ca7aaec484cb\lwjgl-3.3.1.jar to classpath.
[20:18:29] [main/DEBUG] (FabricLoader/Knot) Adding C:\Users\xande\.gradle\caches\modules-2\files-2.1\org.lwjgl\lwjgl\3.3.1\36c37f16ab611b3aa11f3bcf80b1d509b4ce6b\lwjgl-3.3.1-natives-windows.jar to classpath.
[20:18:29] [main/DEBUG] (FabricLoader/Knot) Adding C:\Users\xande\.gradle\caches\modules-2\files-2.1\org.lwjgl\lwjgl\3.3.1\3b14f4beae9dd39791ec9e12190a9380cd8a3ce6\lwjgl-3.3.1-natives-windows-x86.jar to classpath.
[20:18:29] [main/DEBUG] (FabricLoader/Knot) Adding C:\Users\xande\.gradle\caches\modules-2\files-2.1\org.lwjgl\lwjgl-jemalloc\3.3.1\a817bcf213db49f710603677457567c37d53e103\lwjgl-jemalloc-3.3.1.jar to classpath.
[20:18:29] [main/DEBUG] (FabricLoader/Knot) Adding C:\Users\xande\.gradle\caches\modules-2\files-2.1\org.lwjgl\lwjgl-jemalloc\3.3.1\948a89b76a16aa324b046ae9308891216ffce5f9\lwjgl-jemalloc-3.3.1-natives-windows.jar to classpath.
[20:18:29] [main/DEBUG] (FabricLoader/Knot) Adding C:\Users\xande\.gradle\caches\modules-2\files-2.1\org.lwjgl\lwjgl-jemalloc\3.3.1\fb476c8ec110e1c137ad3ce8a7f7bfe6b11c6324\lwjgl-jemalloc-3.3.1-natives-windows-x86.jar to classpath.
[20:18:29] [main/DEBUG] (FabricLoader/Knot) Adding C:\Users\xande\.gradle\caches\modules-2\files-2.1\org.lwjgl\lwjgl-openal\3.3.1\2623a6b8ae1dfcd880738656a9f0243d2e6840bd\lwjgl-openal-3.3.1.jar to classpath.
[20:18:29] [main/DEBUG] (FabricLoader/Knot) Adding C:\Users\xande\.gradle\caches\modules-2\files-2.1\org.lwjgl\lwjgl-openal\3.3.1\30a474d0e57193d7bc128849a3ab66bc9316fdb1\lwjgl-openal-3.3.1-natives-windows.jar to classpath.
[20:18:29] [main/DEBUG] (FabricLoader/Knot) Adding C:\Users\xande\.gradle\caches\modules-2\files-2.1\org.lwjgl\lwjgl-openal\3.3.1\888349f7b1be6fbae58bf8edfb9ef12def04c4e3\lwjgl-openal-3.3.1-natives-windows-x86.jar to classpath.
[20:18:29] [main/DEBUG] (FabricLoader/Knot) Adding C:\Users\xande\.gradle\caches\modules-2\files-2.1\org.lwjgl\lwjgl-opengl\3.3.1\831a5533a21a5f4f81bbc51bb13e9899319b5411\lwjgl-opengl-3.3.1.jar to classpath.
[20:18:29] [main/DEBUG] (FabricLoader/Knot) Adding C:\Users\xande\.gradle\caches\modules-2\files-2.1\org.lwjgl\lwjgl-opengl\3.3.1\c1807e9bd571402787d7e37e3029776ae2513bb8\lwjgl-opengl-3.3.1-natives-windows.jar to classpath.
[20:18:29] [main/DEBUG] (FabricLoader/Knot) Adding C:\Users\xande\.gradle\caches\modules-2\files-2.1\org.lwjgl\lwjgl-opengl\3.3.1\deef3eb9b178ff2ff3ce893cc72ae741c3a17974\lwjgl-opengl-3.3.1-natives-windows-x86.jar to classpath.
[20:18:29] [main/DEBUG] (FabricLoader/Knot) Adding C:\Users\xande\.gradle\caches\modules-2\files-2.1\org.lwjgl\lwjgl-glfw\3.3.1\cbac1b8d30cb4795149c1ef540f912671a8616d0\lwjgl-glfw-3.3.1.jar to classpath.
[20:18:29] [main/DEBUG] (FabricLoader/Knot) Adding C:\Users\xande\.gradle\caches\modules-2\files-2.1\org.lwjgl\lwjgl-glfw\3.3.1\ed892f945cf7e79c8756796f32d00fa4ceaf573b\lwjgl-glfw-3.3.1-natives-windows.jar to classpath.
[20:18:29] [main/DEBUG] (FabricLoader/Knot) Adding C:\Users\xande\.gradle\caches\modules-2\files-2.1\org.lwjgl\lwjgl-glfw\3.3.1\b997e3391d6ce8f05487e7335d95c606043884a1\lwjgl-glfw-3.3.1-natives-windows-x86.jar to classpath.
[20:18:29] [main/DEBUG] (FabricLoader/Knot) Adding C:\Users\xande\.gradle\caches\modules-2\files-2.1\org.lwjgl\lwjgl-stb\3.3.1\b119297cf8ed01f247abe8685857f8e7fcf5980f\lwjgl-stb-3.3.1.jar to classpath.
[20:18:29] [main/DEBUG] (FabricLoader/Knot) Adding C:\Users\xande\.gradle\caches\modules-2\files-2.1\org.lwjgl\lwjgl-stb\3.3.1\86315914ac119efdb02dc9e8e978ade84f1702af\lwjgl-stb-3.3.1-natives-windows.jar to classpath.
[20:18:29] [main/DEBUG] (FabricLoader/Knot) Adding C:\Users\xande\.gradle\caches\modules-2\files-2.1\org.lwjgl\lwjgl-stb\3.3.1\a8d41f419eecb430b7c91ea2ce2c5c451cae2091\lwjgl-stb-3.3.1-natives-windows-x86.jar to classpath.
[20:18:29] [main/DEBUG] (FabricLoader/Knot) Adding C:\Users\xande\.gradle\caches\modules-2\files-2.1\org.lwjgl\lwjgl-tinyfd\3.3.1\ff1914111ef2e3e0110ef2dabc8d8cdaad82347\lwjgl-tinyfd-3.3.1.jar to classpath.
[20:18:29] [main/DEBUG] (FabricLoader/Knot) Adding C:\Users\xande\.gradle\caches\modules-2\files-2.1\org.lwjgl\lwjgl-tinyfd\3.3.1\a5d830475ec0958d9fdba1559efa99aef211e6ff\lwjgl-tinyfd-3.3.1-natives-windows.jar to classpath.
[20:18:29] [main/DEBUG] (FabricLoader/Knot) Adding C:\Users\xande\.gradle\caches\modules-2\files-2.1\org.lwjgl\lwjgl-tinyfd\3.3.1\842eedd876fae354abc308c98a263f6bbc9e8a4d\lwjgl-tinyfd-3.3.1-natives-windows-x86.jar to classpath.
[20:18:29] [main/DEBUG] (FabricLoader/Knot) Adding C:\Users\xande\.gradle\caches\modules-2\files-2.1\com.mojang\text2speech\1.13.9\5f4e3a6ef86cb021f7ca87ca192cddb50c26eb59\text2speech-1.13.9.jar to classpath.
[20:18:29] [main/DEBUG] (FabricLoader/Knot) Adding C:\Users\xande\.gradle\caches\modules-2\files-2.1\com.mojang\text2speech\1.13.9\7a90898b29e5c72f90ba6ebe86fa78a6afd7d3eb\text2speech-1.13.9-natives-windows.jar to classpath.
[20:18:29] [main/DEBUG] (FabricLoader/Knot) Adding C:\Users\xande\.gradle\caches\modules-2\files-2.1\io.netty\netty-transport-native-epoll\4.1.77.Final\5f051599ced83e119ddeda891f471c0613721e5c\netty-transport-native-epoll-4.1.77.Final-linux-aarch_64.jar to classpath.
[20:18:29] [main/DEBUG] (FabricLoader/Knot) Adding C:\Users\xande\.gradle\caches\modules-2\files-2.1\io.netty\netty-transport-native-epoll\4.1.77.Final\8d10e9e138dac52172dd83229bdc89197100c723\netty-transport-native-epoll-4.1.77.Final-linux-x86_64.jar to classpath.
[20:18:29] [main/DEBUG] (FabricLoader/Knot) Adding D:\Xander\Code\isXander\multi-version-lib\.gradle\loom-cache\remapped_mods\net_fabricmc_yarn_1_19_2_1_19_2_build_28_v2\net\fabricmc\fabric-loader\0.14.11\fabric-loader-0.14.11.jar to classpath.
[20:18:29] [main/DEBUG] (FabricLoader/Knot) Adding C:\Users\xande\.gradle\caches\fabric-loom\1.19.2\net.fabricmc.yarn.1_19_2.1.19.2+build.28-v2\mappings.jar to classpath.
[20:18:29] [main/DEBUG] (FabricLoader/Knot) Adding C:\Users\xande\.gradle\caches\modules-2\files-2.1\net.fabricmc\dev-launch-injector\0.2.1+build.8\da8bef7e6e2f952da707f282bdb46882a0fce5e3\dev-launch-injector-0.2.1+build.8.jar to classpath.
[20:18:29] [main/DEBUG] (FabricLoader/Knot) Adding C:\Users\xande\.gradle\caches\modules-2\files-2.1\org.jline\jline-reader\3.12.1\4382ab1382c7b6f379377ed5f665dc2f6e1218bc\jline-reader-3.12.1.jar to classpath.
[20:18:29] [main/DEBUG] (FabricLoader/Knot) Adding C:\Users\xande\.gradle\caches\modules-2\files-2.1\org.jline\jline-terminal\3.12.1\c777448314e050d980a6b697c140f3bfe9eb7416\jline-terminal-3.12.1.jar to classpath.
[20:18:29] [main/DEBUG] (FabricLoader/Entrypoint) No subscribers for entrypoint 'preLaunch'
[20:18:29] [main/DEBUG] (FabricLoader/Mixin) Preparing mixins for MixinEnvironment[DEFAULT]
[20:18:29] [main/DEBUG] (FabricLoader/Mixin) Selecting config fabric-key-binding-api-v1.mixins.json
[20:18:29] [main/DEBUG] (FabricLoader/Mixin) Remapping refMap client-fabric-key-binding-api-v1-refmap.json using remapper chain
[20:18:29] [main/DEBUG] (FabricLoader/Mixin) Selecting config fabric-screen-api-v1.mixins.json
[20:18:29] [main/DEBUG] (FabricLoader/Mixin) Remapping refMap client-fabric-screen-api-v1-refmap.json using remapper chain
[20:18:29] [main/DEBUG] (FabricLoader/Mixin) Selecting config fabric-resource-loader-v0.mixins.json
[20:18:29] [main/DEBUG] (FabricLoader/Mixin) Remapping refMap fabric-resource-loader-v0-refmap.json using remapper chain
[20:18:29] [main/DEBUG] (FabricLoader/Mixin) Selecting config fabric-resource-loader-v0.client.mixins.json
[20:18:29] [main/DEBUG] (FabricLoader/Mixin) Remapping refMap client-fabric-resource-loader-v0-refmap.json using remapper chain
[20:18:29] [main/DEBUG] (FabricLoader/Mixin) Selecting config mixins.modmenu.json
[20:18:29] [main/DEBUG] (FabricLoader/Mixin) Remapping refMap modmenu-refmap.json using remapper chain
[20:18:29] [main/DEBUG] (FabricLoader/Mixin) Selecting config fabric-lifecycle-events-v1.mixins.json
[20:18:29] [main/DEBUG] (FabricLoader/Mixin) Remapping refMap fabric-lifecycle-events-v1-refmap.json using remapper chain
[20:18:29] [main/DEBUG] (FabricLoader/Mixin) Selecting config fabric-lifecycle-events-v1.client.mixins.json
[20:18:29] [main/DEBUG] (FabricLoader/Mixin) Remapping refMap client-fabric-lifecycle-events-v1-refmap.json using remapper chain
[20:18:29] [main/DEBUG] (FabricLoader/Mixin) Preparing fabric-key-binding-api-v1.mixins.json (3)
[20:18:29] [main/DEBUG] (FabricLoader/Mixin) Preparing fabric-screen-api-v1.mixins.json (6)
[20:18:30] [main/DEBUG] (FabricLoader/Mixin) Preparing fabric-resource-loader-v0.mixins.json (16)
[20:18:30] [main/DEBUG] (FabricLoader/Mixin) Preparing fabric-resource-loader-v0.client.mixins.json (6)
[20:18:30] [main/DEBUG] (FabricLoader/Mixin) @Mixin target net/minecraft/client/font/FontManager$1 is public in fabric-resource-loader-v0.client.mixins.json:FontManagerResourceReloadListenerMixin from mod fabric-resource-loader-v0 and should be specified in value
[20:18:30] [main/DEBUG] (FabricLoader/Mixin) Preparing mixins.modmenu.json (1)
[20:18:30] [main/DEBUG] (FabricLoader/Mixin) Preparing fabric-lifecycle-events-v1.mixins.json (8)
[20:18:30] [main/DEBUG] (FabricLoader/Mixin) @Mixin target net/minecraft/server/world/ServerWorld$ServerEntityHandler is public in fabric-lifecycle-events-v1.mixins.json:ServerWorldEntityLoaderMixin from mod fabric-lifecycle-events-v1 and should be specified in value
[20:18:30] [main/DEBUG] (FabricLoader/Mixin) Preparing fabric-lifecycle-events-v1.client.mixins.json (6)
[20:18:30] [main/DEBUG] (FabricLoader/Mixin) @Mixin target net/minecraft/client/world/ClientWorld$ClientEntityHandler is public in fabric-lifecycle-events-v1.client.mixins.json:ClientWorldEntityLoaderMixin from mod fabric-lifecycle-events-v1 and should be specified in value
[20:18:30] [main/DEBUG] (FabricLoader/Mixin) Registering new injector for @Inject with org.spongepowered.asm.mixin.injection.struct.CallbackInjectionInfo
[20:18:30] [main/DEBUG] (FabricLoader/Mixin) Registering new injector for @ModifyArg with org.spongepowered.asm.mixin.injection.struct.ModifyArgInjectionInfo
[20:18:30] [main/DEBUG] (FabricLoader/Mixin) Registering new injector for @ModifyArgs with org.spongepowered.asm.mixin.injection.struct.ModifyArgsInjectionInfo
[20:18:30] [main/DEBUG] (FabricLoader/Mixin) Registering new injector for @Redirect with org.spongepowered.asm.mixin.injection.struct.RedirectInjectionInfo
[20:18:30] [main/DEBUG] (FabricLoader/Mixin) Registering new injector for @ModifyVariable with org.spongepowered.asm.mixin.injection.struct.ModifyVariableInjectionInfo
[20:18:30] [main/DEBUG] (FabricLoader/Mixin) Registering new injector for @ModifyConstant with org.spongepowered.asm.mixin.injection.struct.ModifyConstantInjectionInfo
[20:18:30] [main/DEBUG] (io.netty.util.internal.logging.InternalLoggerFactory) Using SLF4J as the default logging framework
[20:18:30] [main/DEBUG] (io.netty.util.ResourceLeakDetector) -Dio.netty.leakDetection.level: simple
[20:18:30] [main/DEBUG] (io.netty.util.ResourceLeakDetector) -Dio.netty.leakDetection.targetRecords: 4
[20:18:30] [main/WARN] (oshi.util.FileUtil) Configuration conflict: there is more than one oshi.properties file on the classpath
[20:18:31] [main/WARN] (oshi.util.FileUtil) Configuration conflict: there is more than one oshi.architecture.properties file on the classpath
[20:18:31] [main/DEBUG] (FabricLoader/Mixin) Mixing WorldMixin from fabric-lifecycle-events-v1.mixins.json into net.minecraft.world.World
[20:18:31] [main/DEBUG] (FabricLoader/Mixin) fabric-lifecycle-events-v1.mixins.json:WorldMixin from mod fabric-lifecycle-events-v1: Class version 61 required is higher than the class version supported by the current version of Mixin (JAVA_16 supports class version 60)
[20:18:31] [main/DEBUG] (FabricLoader/Mixin) Mixing ServerWorldMixin from fabric-lifecycle-events-v1.mixins.json into net.minecraft.server.world.ServerWorld
[20:18:31] [main/DEBUG] (FabricLoader/Mixin) fabric-lifecycle-events-v1.mixins.json:ServerWorldMixin from mod fabric-lifecycle-events-v1: Class version 61 required is higher than the class version supported by the current version of Mixin (JAVA_16 supports class version 60)
[20:18:31] [main/DEBUG] (FabricLoader/Mixin) fabric-lifecycle-events-v1.mixins.json:ServerWorldMixin from mod fabric-lifecycle-events-v1->@Inject::startWorldTick(Ljava/util/function/BooleanSupplier;Lorg/spongepowered/asm/mixin/injection/callback/CallbackInfo;)V doesn't use it's CallbackInfo
[20:18:31] [main/DEBUG] (FabricLoader/Mixin) fabric-lifecycle-events-v1.mixins.json:ServerWorldMixin from mod fabric-lifecycle-events-v1->@Inject::startWorldTick(Ljava/util/function/BooleanSupplier;Lorg/spongepowered/asm/mixin/injection/callback/CallbackInfo;)V has 0 override(s) in child classes
[20:18:31] [main/DEBUG] (FabricLoader/Mixin) fabric-lifecycle-events-v1.mixins.json:ServerWorldMixin from mod fabric-lifecycle-events-v1->@Inject::startWorldTick(Ljava/util/function/BooleanSupplier;Lorg/spongepowered/asm/mixin/injection/callback/CallbackInfo;)V won't be passed a CallbackInfo as a result
[20:18:31] [main/DEBUG] (FabricLoader/Mixin) fabric-lifecycle-events-v1.mixins.json:ServerWorldMixin from mod fabric-lifecycle-events-v1->@Inject::endWorldTick(Ljava/util/function/BooleanSupplier;Lorg/spongepowered/asm/mixin/injection/callback/CallbackInfo;)V doesn't use it's CallbackInfo
[20:18:31] [main/DEBUG] (FabricLoader/Mixin) fabric-lifecycle-events-v1.mixins.json:ServerWorldMixin from mod fabric-lifecycle-events-v1->@Inject::endWorldTick(Ljava/util/function/BooleanSupplier;Lorg/spongepowered/asm/mixin/injection/callback/CallbackInfo;)V has 0 override(s) in child classes
[20:18:31] [main/DEBUG] (FabricLoader/Mixin) fabric-lifecycle-events-v1.mixins.json:ServerWorldMixin from mod fabric-lifecycle-events-v1->@Inject::endWorldTick(Ljava/util/function/BooleanSupplier;Lorg/spongepowered/asm/mixin/injection/callback/CallbackInfo;)V won't be passed a CallbackInfo as a result
[20:18:34] [main/INFO] (net.minecraft.datafixer.Schemas) Building optimized datafixer
[20:18:34] [main/DEBUG] (FabricLoader/Mixin) Mixing WorldChunkMixin from fabric-lifecycle-events-v1.client.mixins.json into net.minecraft.world.chunk.WorldChunk
[20:18:34] [main/DEBUG] (FabricLoader/Mixin) fabric-lifecycle-events-v1.client.mixins.json:WorldChunkMixin from mod fabric-lifecycle-events-v1: Class version 61 required is higher than the class version supported by the current version of Mixin (JAVA_16 supports class version 60)
[20:18:34] [main/DEBUG] (FabricLoader/Mixin) fabric-lifecycle-events-v1.client.mixins.json:WorldChunkMixin from mod fabric-lifecycle-events-v1->@Inject::onLoadBlockEntity(Lnet/minecraft/block/entity/BlockEntity;Lorg/spongepowered/asm/mixin/injection/callback/CallbackInfo;Lnet/minecraft/util/math/BlockPos;Lnet/minecraft/block/entity/BlockEntity;)V doesn't use it's CallbackInfo
[20:18:34] [main/DEBUG] (FabricLoader/Mixin) fabric-lifecycle-events-v1.client.mixins.json:WorldChunkMixin from mod fabric-lifecycle-events-v1->@Inject::onLoadBlockEntity(Lnet/minecraft/block/entity/BlockEntity;Lorg/spongepowered/asm/mixin/injection/callback/CallbackInfo;Lnet/minecraft/util/math/BlockPos;Lnet/minecraft/block/entity/BlockEntity;)V has 0 override(s) in child classes
[20:18:34] [main/DEBUG] (FabricLoader/Mixin) fabric-lifecycle-events-v1.client.mixins.json:WorldChunkMixin from mod fabric-lifecycle-events-v1->@Inject::onLoadBlockEntity(Lnet/minecraft/block/entity/BlockEntity;Lorg/spongepowered/asm/mixin/injection/callback/CallbackInfo;Lnet/minecraft/util/math/BlockPos;Lnet/minecraft/block/entity/BlockEntity;)V won't be passed a CallbackInfo as a result
[20:18:34] [main/DEBUG] (FabricLoader/Mixin) fabric-lifecycle-events-v1.client.mixins.json:WorldChunkMixin from mod fabric-lifecycle-events-v1->@Inject::onRemoveBlockEntity(Lnet/minecraft/block/entity/BlockEntity;Lorg/spongepowered/asm/mixin/injection/callback/CallbackInfo;Lnet/minecraft/util/math/BlockPos;Lnet/minecraft/block/entity/BlockEntity;)V doesn't use it's CallbackInfo
[20:18:34] [main/DEBUG] (FabricLoader/Mixin) fabric-lifecycle-events-v1.client.mixins.json:WorldChunkMixin from mod fabric-lifecycle-events-v1->@Inject::onRemoveBlockEntity(Lnet/minecraft/block/entity/BlockEntity;Lorg/spongepowered/asm/mixin/injection/callback/CallbackInfo;Lnet/minecraft/util/math/BlockPos;Lnet/minecraft/block/entity/BlockEntity;)V has 0 override(s) in child classes
[20:18:34] [main/DEBUG] (FabricLoader/Mixin) fabric-lifecycle-events-v1.client.mixins.json:WorldChunkMixin from mod fabric-lifecycle-events-v1->@Inject::onRemoveBlockEntity(Lnet/minecraft/block/entity/BlockEntity;Lorg/spongepowered/asm/mixin/injection/callback/CallbackInfo;Lnet/minecraft/util/math/BlockPos;Lnet/minecraft/block/entity/BlockEntity;)V won't be passed a CallbackInfo as a result
[20:18:34] [main/DEBUG] (FabricLoader/Mixin) fabric-lifecycle-events-v1.client.mixins.json:WorldChunkMixin from mod fabric-lifecycle-events-v1->@Inject::onRemoveBlockEntity(Lnet/minecraft/util/math/BlockPos;Lorg/spongepowered/asm/mixin/injection/callback/CallbackInfo;Lnet/minecraft/block/entity/BlockEntity;)V doesn't use it's CallbackInfo
[20:18:34] [main/DEBUG] (FabricLoader/Mixin) fabric-lifecycle-events-v1.client.mixins.json:WorldChunkMixin from mod fabric-lifecycle-events-v1->@Inject::onRemoveBlockEntity(Lnet/minecraft/util/math/BlockPos;Lorg/spongepowered/asm/mixin/injection/callback/CallbackInfo;Lnet/minecraft/block/entity/BlockEntity;)V has 0 override(s) in child classes
[20:18:34] [main/DEBUG] (FabricLoader/Mixin) fabric-lifecycle-events-v1.client.mixins.json:WorldChunkMixin from mod fabric-lifecycle-events-v1->@Inject::onRemoveBlockEntity(Lnet/minecraft/util/math/BlockPos;Lorg/spongepowered/asm/mixin/injection/callback/CallbackInfo;Lnet/minecraft/block/entity/BlockEntity;)V won't be passed a CallbackInfo as a result
[20:18:37] [Render thread/DEBUG] (FabricLoader/Mixin) Mixing MinecraftClientMixin from fabric-screen-api-v1.mixins.json into net.minecraft.client.MinecraftClient
[20:18:37] [Render thread/DEBUG] (FabricLoader/Mixin) fabric-screen-api-v1.mixins.json:MinecraftClientMixin from mod fabric-screen-api-v1: Class version 61 required is higher than the class version supported by the current version of Mixin (JAVA_16 supports class version 60)
[20:18:37] [Render thread/DEBUG] (FabricLoader/Mixin) Mixing MinecraftClientMixin from fabric-lifecycle-events-v1.client.mixins.json into net.minecraft.client.MinecraftClient
[20:18:37] [Render thread/DEBUG] (FabricLoader/Mixin) fabric-lifecycle-events-v1.client.mixins.json:MinecraftClientMixin from mod fabric-lifecycle-events-v1: Class version 61 required is higher than the class version supported by the current version of Mixin (JAVA_16 supports class version 60)
[20:18:37] [Render thread/DEBUG] (FabricLoader/Mixin) fabric-screen-api-v1.mixins.json:MinecraftClientMixin from mod fabric-screen-api-v1->@Inject::checkThreadOnDev(Lnet/minecraft/client/gui/screen/Screen;Lorg/spongepowered/asm/mixin/injection/callback/CallbackInfo;)V doesn't use it's CallbackInfo
[20:18:37] [Render thread/DEBUG] (FabricLoader/Mixin) fabric-screen-api-v1.mixins.json:MinecraftClientMixin from mod fabric-screen-api-v1->@Inject::checkThreadOnDev(Lnet/minecraft/client/gui/screen/Screen;Lorg/spongepowered/asm/mixin/injection/callback/CallbackInfo;)V has 0 override(s) in child classes
[20:18:37] [Render thread/DEBUG] (FabricLoader/Mixin) fabric-screen-api-v1.mixins.json:MinecraftClientMixin from mod fabric-screen-api-v1->@Inject::checkThreadOnDev(Lnet/minecraft/client/gui/screen/Screen;Lorg/spongepowered/asm/mixin/injection/callback/CallbackInfo;)V won't be passed a CallbackInfo as a result
[20:18:37] [Render thread/DEBUG] (FabricLoader/Mixin) fabric-screen-api-v1.mixins.json:MinecraftClientMixin from mod fabric-screen-api-v1->@Inject::onScreenRemove(Lnet/minecraft/client/gui/screen/Screen;Lorg/spongepowered/asm/mixin/injection/callback/CallbackInfo;)V doesn't use it's CallbackInfo
[20:18:37] [Render thread/DEBUG] (FabricLoader/Mixin) fabric-screen-api-v1.mixins.json:MinecraftClientMixin from mod fabric-screen-api-v1->@Inject::onScreenRemove(Lnet/minecraft/client/gui/screen/Screen;Lorg/spongepowered/asm/mixin/injection/callback/CallbackInfo;)V has 0 override(s) in child classes
[20:18:37] [Render thread/DEBUG] (FabricLoader/Mixin) fabric-screen-api-v1.mixins.json:MinecraftClientMixin from mod fabric-screen-api-v1->@Inject::onScreenRemove(Lnet/minecraft/client/gui/screen/Screen;Lorg/spongepowered/asm/mixin/injection/callback/CallbackInfo;)V won't be passed a CallbackInfo as a result
[20:18:37] [Render thread/DEBUG] (FabricLoader/Mixin) fabric-screen-api-v1.mixins.json:MinecraftClientMixin from mod fabric-screen-api-v1->@Inject::onScreenRemoveBecauseStopping(Lorg/spongepowered/asm/mixin/injection/callback/CallbackInfo;)V doesn't use it's CallbackInfo
[20:18:37] [Render thread/DEBUG] (FabricLoader/Mixin) fabric-screen-api-v1.mixins.json:MinecraftClientMixin from mod fabric-screen-api-v1->@Inject::onScreenRemoveBecauseStopping(Lorg/spongepowered/asm/mixin/injection/callback/CallbackInfo;)V has 0 override(s) in child classes
[20:18:37] [Render thread/DEBUG] (FabricLoader/Mixin) fabric-screen-api-v1.mixins.json:MinecraftClientMixin from mod fabric-screen-api-v1->@Inject::onScreenRemoveBecauseStopping(Lorg/spongepowered/asm/mixin/injection/callback/CallbackInfo;)V won't be passed a CallbackInfo as a result
[20:18:37] [Render thread/DEBUG] (FabricLoader/Mixin) fabric-screen-api-v1.mixins.json:MinecraftClientMixin from mod fabric-screen-api-v1->@Inject::beforeScreenTick(Lorg/spongepowered/asm/mixin/injection/callback/CallbackInfo;)V doesn't use it's CallbackInfo
[20:18:37] [Render thread/DEBUG] (FabricLoader/Mixin) fabric-screen-api-v1.mixins.json:MinecraftClientMixin from mod fabric-screen-api-v1->@Inject::beforeScreenTick(Lorg/spongepowered/asm/mixin/injection/callback/CallbackInfo;)V has 0 override(s) in child classes
[20:18:37] [Render thread/DEBUG] (FabricLoader/Mixin) fabric-screen-api-v1.mixins.json:MinecraftClientMixin from mod fabric-screen-api-v1->@Inject::beforeScreenTick(Lorg/spongepowered/asm/mixin/injection/callback/CallbackInfo;)V won't be passed a CallbackInfo as a result
[20:18:37] [Render thread/DEBUG] (FabricLoader/Mixin) fabric-screen-api-v1.mixins.json:MinecraftClientMixin from mod fabric-screen-api-v1->@Inject::afterScreenTick(Lorg/spongepowered/asm/mixin/injection/callback/CallbackInfo;)V doesn't use it's CallbackInfo
[20:18:37] [Render thread/DEBUG] (FabricLoader/Mixin) fabric-screen-api-v1.mixins.json:MinecraftClientMixin from mod fabric-screen-api-v1->@Inject::afterScreenTick(Lorg/spongepowered/asm/mixin/injection/callback/CallbackInfo;)V has 0 override(s) in child classes
[20:18:37] [Render thread/DEBUG] (FabricLoader/Mixin) fabric-screen-api-v1.mixins.json:MinecraftClientMixin from mod fabric-screen-api-v1->@Inject::afterScreenTick(Lorg/spongepowered/asm/mixin/injection/callback/CallbackInfo;)V won't be passed a CallbackInfo as a result
[20:18:37] [Render thread/DEBUG] (FabricLoader/Mixin) fabric-screen-api-v1.mixins.json:MinecraftClientMixin from mod fabric-screen-api-v1->@Inject::beforeLoadingScreenTick(Lorg/spongepowered/asm/mixin/injection/callback/CallbackInfo;)V doesn't use it's CallbackInfo
[20:18:37] [Render thread/DEBUG] (FabricLoader/Mixin) fabric-screen-api-v1.mixins.json:MinecraftClientMixin from mod fabric-screen-api-v1->@Inject::beforeLoadingScreenTick(Lorg/spongepowered/asm/mixin/injection/callback/CallbackInfo;)V has 0 override(s) in child classes
[20:18:37] [Render thread/DEBUG] (FabricLoader/Mixin) fabric-screen-api-v1.mixins.json:MinecraftClientMixin from mod fabric-screen-api-v1->@Inject::beforeLoadingScreenTick(Lorg/spongepowered/asm/mixin/injection/callback/CallbackInfo;)V won't be passed a CallbackInfo as a result
[20:18:37] [Render thread/DEBUG] (FabricLoader/Mixin) fabric-screen-api-v1.mixins.json:MinecraftClientMixin from mod fabric-screen-api-v1->@Inject::afterLoadingScreenTick(Lorg/spongepowered/asm/mixin/injection/callback/CallbackInfo;)V doesn't use it's CallbackInfo
[20:18:37] [Render thread/DEBUG] (FabricLoader/Mixin) fabric-screen-api-v1.mixins.json:MinecraftClientMixin from mod fabric-screen-api-v1->@Inject::afterLoadingScreenTick(Lorg/spongepowered/asm/mixin/injection/callback/CallbackInfo;)V has 0 override(s) in child classes
[20:18:37] [Render thread/DEBUG] (FabricLoader/Mixin) fabric-screen-api-v1.mixins.json:MinecraftClientMixin from mod fabric-screen-api-v1->@Inject::afterLoadingScreenTick(Lorg/spongepowered/asm/mixin/injection/callback/CallbackInfo;)V won't be passed a CallbackInfo as a result
[20:18:37] [Render thread/DEBUG] (FabricLoader/Mixin) fabric-lifecycle-events-v1.client.mixins.json:MinecraftClientMixin from mod fabric-lifecycle-events-v1->@Inject::onStartTick(Lorg/spongepowered/asm/mixin/injection/callback/CallbackInfo;)V doesn't use it's CallbackInfo
[20:18:37] [Render thread/DEBUG] (FabricLoader/Mixin) fabric-lifecycle-events-v1.client.mixins.json:MinecraftClientMixin from mod fabric-lifecycle-events-v1->@Inject::onStartTick(Lorg/spongepowered/asm/mixin/injection/callback/CallbackInfo;)V has 0 override(s) in child classes
[20:18:37] [Render thread/DEBUG] (FabricLoader/Mixin) fabric-lifecycle-events-v1.client.mixins.json:MinecraftClientMixin from mod fabric-lifecycle-events-v1->@Inject::onStartTick(Lorg/spongepowered/asm/mixin/injection/callback/CallbackInfo;)V won't be passed a CallbackInfo as a result
[20:18:37] [Render thread/DEBUG] (FabricLoader/Mixin) fabric-lifecycle-events-v1.client.mixins.json:MinecraftClientMixin from mod fabric-lifecycle-events-v1->@Inject::onEndTick(Lorg/spongepowered/asm/mixin/injection/callback/CallbackInfo;)V doesn't use it's CallbackInfo
[20:18:37] [Render thread/DEBUG] (FabricLoader/Mixin) fabric-lifecycle-events-v1.client.mixins.json:MinecraftClientMixin from mod fabric-lifecycle-events-v1->@Inject::onEndTick(Lorg/spongepowered/asm/mixin/injection/callback/CallbackInfo;)V has 0 override(s) in child classes
[20:18:37] [Render thread/DEBUG] (FabricLoader/Mixin) fabric-lifecycle-events-v1.client.mixins.json:MinecraftClientMixin from mod fabric-lifecycle-events-v1->@Inject::onEndTick(Lorg/spongepowered/asm/mixin/injection/callback/CallbackInfo;)V won't be passed a CallbackInfo as a result
[20:18:37] [Render thread/DEBUG] (FabricLoader/Mixin) fabric-lifecycle-events-v1.client.mixins.json:MinecraftClientMixin from mod fabric-lifecycle-events-v1->@Inject::onStopping(Lorg/spongepowered/asm/mixin/injection/callback/CallbackInfo;)V doesn't use it's CallbackInfo
[20:18:37] [Render thread/DEBUG] (FabricLoader/Mixin) fabric-lifecycle-events-v1.client.mixins.json:MinecraftClientMixin from mod fabric-lifecycle-events-v1->@Inject::onStopping(Lorg/spongepowered/asm/mixin/injection/callback/CallbackInfo;)V has 0 override(s) in child classes
[20:18:37] [Render thread/DEBUG] (FabricLoader/Mixin) fabric-lifecycle-events-v1.client.mixins.json:MinecraftClientMixin from mod fabric-lifecycle-events-v1->@Inject::onStopping(Lorg/spongepowered/asm/mixin/injection/callback/CallbackInfo;)V won't be passed a CallbackInfo as a result
[20:18:37] [Render thread/DEBUG] (FabricLoader/Mixin) fabric-lifecycle-events-v1.client.mixins.json:MinecraftClientMixin from mod fabric-lifecycle-events-v1->@Inject::onStart(Lorg/spongepowered/asm/mixin/injection/callback/CallbackInfo;)V doesn't use it's CallbackInfo
[20:18:37] [Render thread/DEBUG] (FabricLoader/Mixin) fabric-lifecycle-events-v1.client.mixins.json:MinecraftClientMixin from mod fabric-lifecycle-events-v1->@Inject::onStart(Lorg/spongepowered/asm/mixin/injection/callback/CallbackInfo;)V has 0 override(s) in child classes
[20:18:37] [Render thread/DEBUG] (FabricLoader/Mixin) fabric-lifecycle-events-v1.client.mixins.json:MinecraftClientMixin from mod fabric-lifecycle-events-v1->@Inject::onStart(Lorg/spongepowered/asm/mixin/injection/callback/CallbackInfo;)V won't be passed a CallbackInfo as a result
[20:18:37] [Render thread/DEBUG] (FabricLoader/Mixin) Mixing ScreenAccessor from fabric-screen-api-v1.mixins.json into net.minecraft.client.gui.screen.Screen
[20:18:37] [Render thread/DEBUG] (FabricLoader/Mixin) fabric-screen-api-v1.mixins.json:ScreenAccessor from mod fabric-screen-api-v1: Class version 61 required is higher than the class version supported by the current version of Mixin (JAVA_16 supports class version 60)
[20:18:37] [Render thread/DEBUG] (FabricLoader/Mixin) Mixing ScreenMixin from fabric-screen-api-v1.mixins.json into net.minecraft.client.gui.screen.Screen
[20:18:37] [Render thread/DEBUG] (FabricLoader/Mixin) fabric-screen-api-v1.mixins.json:ScreenMixin from mod fabric-screen-api-v1: Class version 61 required is higher than the class version supported by the current version of Mixin (JAVA_16 supports class version 60)
[20:18:37] [Render thread/DEBUG] (FabricLoader/Mixin) fabric-screen-api-v1.mixins.json:ScreenMixin from mod fabric-screen-api-v1->@Inject::beforeInitScreen(Lnet/minecraft/client/MinecraftClient;IILorg/spongepowered/asm/mixin/injection/callback/CallbackInfo;)V doesn't use it's CallbackInfo
[20:18:37] [Render thread/DEBUG] (FabricLoader/Mixin) fabric-screen-api-v1.mixins.json:ScreenMixin from mod fabric-screen-api-v1->@Inject::beforeInitScreen(Lnet/minecraft/client/MinecraftClient;IILorg/spongepowered/asm/mixin/injection/callback/CallbackInfo;)V has 0 override(s) in child classes
[20:18:37] [Render thread/DEBUG] (FabricLoader/Mixin) fabric-screen-api-v1.mixins.json:ScreenMixin from mod fabric-screen-api-v1->@Inject::beforeInitScreen(Lnet/minecraft/client/MinecraftClient;IILorg/spongepowered/asm/mixin/injection/callback/CallbackInfo;)V won't be passed a CallbackInfo as a result
[20:18:37] [Render thread/DEBUG] (FabricLoader/Mixin) fabric-screen-api-v1.mixins.json:ScreenMixin from mod fabric-screen-api-v1->@Inject::afterInitScreen(Lnet/minecraft/client/MinecraftClient;IILorg/spongepowered/asm/mixin/injection/callback/CallbackInfo;)V doesn't use it's CallbackInfo
[20:18:37] [Render thread/DEBUG] (FabricLoader/Mixin) fabric-screen-api-v1.mixins.json:ScreenMixin from mod fabric-screen-api-v1->@Inject::afterInitScreen(Lnet/minecraft/client/MinecraftClient;IILorg/spongepowered/asm/mixin/injection/callback/CallbackInfo;)V has 0 override(s) in child classes
[20:18:37] [Render thread/DEBUG] (FabricLoader/Mixin) fabric-screen-api-v1.mixins.json:ScreenMixin from mod fabric-screen-api-v1->@Inject::afterInitScreen(Lnet/minecraft/client/MinecraftClient;IILorg/spongepowered/asm/mixin/injection/callback/CallbackInfo;)V won't be passed a CallbackInfo as a result
[20:18:37] [Render thread/DEBUG] (FabricLoader/Mixin) Mixing MixinTitleScreen from mixins.modmenu.json into net.minecraft.client.gui.screen.TitleScreen
[20:18:37] [Render thread/DEBUG] (FabricLoader/Mixin) mixins.modmenu.json:MixinTitleScreen from mod modmenu: Class version 61 required is higher than the class version supported by the current version of Mixin (JAVA_16 supports class version 60)
[20:18:37] [Render thread/DEBUG] (FabricLoader/Mixin) Mixing ClientWorldMixin from fabric-lifecycle-events-v1.client.mixins.json into net.minecraft.client.world.ClientWorld
[20:18:37] [Render thread/DEBUG] (FabricLoader/Mixin) fabric-lifecycle-events-v1.client.mixins.json:ClientWorldMixin from mod fabric-lifecycle-events-v1: Class version 61 required is higher than the class version supported by the current version of Mixin (JAVA_16 supports class version 60)
[20:18:37] [Render thread/DEBUG] (FabricLoader/Mixin) fabric-lifecycle-events-v1.client.mixins.json:ClientWorldMixin from mod fabric-lifecycle-events-v1->@Inject::tickWorldAfterBlockEntities(Lorg/spongepowered/asm/mixin/injection/callback/CallbackInfo;)V doesn't use it's CallbackInfo
[20:18:37] [Render thread/DEBUG] (FabricLoader/Mixin) fabric-lifecycle-events-v1.client.mixins.json:ClientWorldMixin from mod fabric-lifecycle-events-v1->@Inject::tickWorldAfterBlockEntities(Lorg/spongepowered/asm/mixin/injection/callback/CallbackInfo;)V has 0 override(s) in child classes
[20:18:37] [Render thread/DEBUG] (FabricLoader/Mixin) fabric-lifecycle-events-v1.client.mixins.json:ClientWorldMixin from mod fabric-lifecycle-events-v1->@Inject::tickWorldAfterBlockEntities(Lorg/spongepowered/asm/mixin/injection/callback/CallbackInfo;)V won't be passed a CallbackInfo as a result
[20:18:37] [Render thread/DEBUG] (FabricLoader/Mixin) fabric-lifecycle-events-v1.client.mixins.json:ClientWorldMixin from mod fabric-lifecycle-events-v1->@Inject::startWorldTick(Lorg/spongepowered/asm/mixin/injection/callback/CallbackInfo;)V doesn't use it's CallbackInfo
[20:18:37] [Render thread/DEBUG] (FabricLoader/Mixin) fabric-lifecycle-events-v1.client.mixins.json:ClientWorldMixin from mod fabric-lifecycle-events-v1->@Inject::startWorldTick(Lorg/spongepowered/asm/mixin/injection/callback/CallbackInfo;)V has 0 override(s) in child classes
[20:18:37] [Render thread/DEBUG] (FabricLoader/Mixin) fabric-lifecycle-events-v1.client.mixins.json:ClientWorldMixin from mod fabric-lifecycle-events-v1->@Inject::startWorldTick(Lorg/spongepowered/asm/mixin/injection/callback/CallbackInfo;)V won't be passed a CallbackInfo as a result
[20:18:37] [Render thread/WARN] (oshi.util.FileUtil) Configuration conflict: there is more than one oshi.architecture.properties file on the classpath
[20:18:38] [Render thread/ERROR] (FabricLoader) Minecraft has crashed!
net.fabricmc.loader.impl.FormattedException: java.lang.NoClassDefFoundError: Could not initialize class net.minecraft.client.MinecraftClient
	at net.fabricmc.loader.impl.game.minecraft.MinecraftGameProvider.launch(MinecraftGameProvider.java:463) ~[fabric-loader-0.14.8.jar:?]
	at net.fabricmc.loader.impl.launch.knot.Knot.launch(Knot.java:74) [fabric-loader-0.14.8.jar:?]
	at net.fabricmc.loader.impl.launch.knot.KnotClient.main(KnotClient.java:23) [fabric-loader-0.14.8.jar:?]
	at net.fabricmc.devlaunchinjector.Main.main(Main.java:86) [dev-launch-injector-0.2.1+build.8.jar:?]
Caused by: java.lang.NoClassDefFoundError: Could not initialize class net.minecraft.client.MinecraftClient
	at net.minecraft.client.main.Main.main(Main.java:214) ~[minecraft-merged-named.jar:?]
	at net.minecraft.client.main.Main.main(Main.java:51) ~[minecraft-merged-named.jar:?]
	at net.fabricmc.loader.impl.game.minecraft.MinecraftGameProvider.launch(MinecraftGameProvider.java:461) ~[fabric-loader-0.14.8.jar:?]
	... 3 more
