[20:18:29] [main/INFO] (FabricLoader/GameProvider) Loading Minecraft 1.19.2 with Fabric Loader 0.14.8
[20:18:29] [ForkJoinPool-1-worker-1/WARN] (FabricLoader/Metadata) Mod multi-version-lib-test uses the version ${version} which isn't compatible with Loader's extended semantic version format (Could not parse version number component '${version}'!), SemVer is recommended for reliably evaluating dependencies and prioritizing newer version
[20:18:29] [main/INFO] (FabricLoader) Loading 12 mods:
	- fabric-api-base 0.4.9+e62f51a390
	- fabric-key-binding-api-v1 1.0.18+9ff28f4090
	- fabric-lifecycle-events-v1 2.1.0+33fbc73890
	- fabric-resource-loader-v0 0.5.6+5f1a85e090
	- fabric-screen-api-v1 1.0.24+f05effaf90
	- fabricloader 0.14.11
	- java 17
	- minecraft 1.19.2
	- modmenu 4.1.1
	- multi-version-lib-api 1.0.0
	- multi-version-lib-impl-11902 1.0.0
	- multi-version-lib-test ${version}
[20:18:29] [main/INFO] (FabricLoader/Mixin) SpongePowered MIXIN Subsystem Version=0.8.5 Source=file:/C:/Users/xande/.gradle/caches/modules-2/files-2.1/net.fabricmc/sponge-mixin/0.11.4+mixin.0.8.5/c1dc27696aa4006e492c2485c9ccbcb26045a971/sponge-mixin-0.11.4+mixin.0.8.5.jar Service=Knot/Fabric Env=CLIENT
[20:18:29] [main/INFO] (FabricLoader/Mixin) Loaded Fabric development mappings for mixin remapper!
[20:18:29] [main/INFO] (FabricLoader/Mixin) Compatibility level set to JAVA_16
[20:18:30] [main/WARN] (FileUtil) Configuration conflict: there is more than one oshi.properties file on the classpath
[20:18:31] [main/WARN] (FileUtil) Configuration conflict: there is more than one oshi.architecture.properties file on the classpath
[20:18:34] [main/INFO] (Minecraft) Building optimized datafixer
[20:18:37] [Render thread/WARN] (FileUtil) Configuration conflict: there is more than one oshi.architecture.properties file on the classpath
[20:18:38] [Render thread/ERROR] (FabricLoader) Minecraft has crashed!
net.fabricmc.loader.impl.FormattedException: java.lang.NoClassDefFoundError: Could not initialize class net.minecraft.client.MinecraftClient
	at net.fabricmc.loader.impl.game.minecraft.MinecraftGameProvider.launch(MinecraftGameProvider.java:463) ~[fabric-loader-0.14.8.jar:?]
	at net.fabricmc.loader.impl.launch.knot.Knot.launch(Knot.java:74) [fabric-loader-0.14.8.jar:?]
	at net.fabricmc.loader.impl.launch.knot.KnotClient.main(KnotClient.java:23) [fabric-loader-0.14.8.jar:?]
	at net.fabricmc.devlaunchinjector.Main.main(Main.java:86) [dev-launch-injector-0.2.1+build.8.jar:?]
Caused by: java.lang.NoClassDefFoundError: Could not initialize class net.minecraft.client.MinecraftClient
	at net.minecraft.client.main.Main.main(Main.java:214) ~[minecraft-merged-named.jar:?]
	at net.minecraft.client.main.Main.main(Main.java:51) ~[minecraft-merged-named.jar:?]
	at net.fabricmc.loader.impl.game.minecraft.MinecraftGameProvider.launch(MinecraftGameProvider.java:461) ~[fabric-loader-0.14.8.jar:?]
	... 3 more
